<?xml version="1.0" encoding="UTF-8"?>
<testng-results skipped="0" failed="0" total="30" passed="30">
  <reporter-output>
  </reporter-output>
  <suite name="com.sprhib.TestService" duration-ms="1776" started-at="2014-09-14T17:13:00Z" finished-at="2014-09-14T17:13:02Z">
    <groups>
    </groups>
    <test name="Command line test" duration-ms="1776" started-at="2014-09-14T17:13:00Z" finished-at="2014-09-14T17:13:02Z">
      <class name="com.sprhib.TestService">
        <test-method status="PASS" signature="thatOrdersCanBeAddedAndQueried()[pri:0, instance:com.sprhib.TestService@f5331a]" name="thatOrdersCanBeAddedAndQueried" duration-ms="990" started-at="2014-09-14T20:13:00Z" finished-at="2014-09-14T20:13:01Z">
          <reporter-output>
          </reporter-output>
        </test-method> <!-- thatOrdersCanBeAddedAndQueried -->
        <test-method status="PASS" signature="thatOrdersCanBeAddedAndQueried()[pri:0, instance:com.sprhib.TestService@f5331a]" name="thatOrdersCanBeAddedAndQueried" duration-ms="1017" started-at="2014-09-14T20:13:00Z" finished-at="2014-09-14T20:13:01Z">
          <reporter-output>
          </reporter-output>
        </test-method> <!-- thatOrdersCanBeAddedAndQueried -->
        <test-method status="PASS" signature="thatOrdersCanBeAddedAndQueried()[pri:0, instance:com.sprhib.TestService@f5331a]" name="thatOrdersCanBeAddedAndQueried" duration-ms="989" started-at="2014-09-14T20:13:00Z" finished-at="2014-09-14T20:13:01Z">
          <reporter-output>
          </reporter-output>
        </test-method> <!-- thatOrdersCanBeAddedAndQueried -->
        <test-method status="PASS" signature="thatOrdersCanBeAddedAndQueried()[pri:0, instance:com.sprhib.TestService@f5331a]" name="thatOrdersCanBeAddedAndQueried" duration-ms="1016" started-at="2014-09-14T20:13:00Z" finished-at="2014-09-14T20:13:01Z">
          <reporter-output>
          </reporter-output>
        </test-method> <!-- thatOrdersCanBeAddedAndQueried -->
        <test-method status="PASS" signature="thatOrdersCanBeAddedAndQueried()[pri:0, instance:com.sprhib.TestService@f5331a]" name="thatOrdersCanBeAddedAndQueried" duration-ms="988" started-at="2014-09-14T20:13:00Z" finished-at="2014-09-14T20:13:01Z">
          <reporter-output>
          </reporter-output>
        </test-method> <!-- thatOrdersCanBeAddedAndQueried -->
        <test-method status="PASS" signature="thatOrdersCanBeAddedAndQueried()[pri:0, instance:com.sprhib.TestService@f5331a]" name="thatOrdersCanBeAddedAndQueried" duration-ms="180" started-at="2014-09-14T20:13:01Z" finished-at="2014-09-14T20:13:01Z">
          <reporter-output>
          </reporter-output>
        </test-method> <!-- thatOrdersCanBeAddedAndQueried -->
        <test-method status="PASS" signature="thatOrdersCanBeAddedAndQueried()[pri:0, instance:com.sprhib.TestService@f5331a]" name="thatOrdersCanBeAddedAndQueried" duration-ms="136" started-at="2014-09-14T20:13:01Z" finished-at="2014-09-14T20:13:01Z">
          <reporter-output>
          </reporter-output>
        </test-method> <!-- thatOrdersCanBeAddedAndQueried -->
        <test-method status="PASS" signature="thatOrdersCanBeAddedAndQueried()[pri:0, instance:com.sprhib.TestService@f5331a]" name="thatOrdersCanBeAddedAndQueried" duration-ms="118" started-at="2014-09-14T20:13:01Z" finished-at="2014-09-14T20:13:01Z">
          <reporter-output>
          </reporter-output>
        </test-method> <!-- thatOrdersCanBeAddedAndQueried -->
        <test-method status="PASS" signature="thatOrdersCanBeAddedAndQueried()[pri:0, instance:com.sprhib.TestService@f5331a]" name="thatOrdersCanBeAddedAndQueried" duration-ms="158" started-at="2014-09-14T20:13:01Z" finished-at="2014-09-14T20:13:01Z">
          <reporter-output>
          </reporter-output>
        </test-method> <!-- thatOrdersCanBeAddedAndQueried -->
        <test-method status="PASS" signature="thatOrdersCanBeAddedAndQueried()[pri:0, instance:com.sprhib.TestService@f5331a]" name="thatOrdersCanBeAddedAndQueried" duration-ms="160" started-at="2014-09-14T20:13:01Z" finished-at="2014-09-14T20:13:01Z">
          <reporter-output>
          </reporter-output>
        </test-method> <!-- thatOrdersCanBeAddedAndQueried -->
        <test-method status="PASS" signature="thatOrdersCanBeAddedAndQueried()[pri:0, instance:com.sprhib.TestService@f5331a]" name="thatOrdersCanBeAddedAndQueried" duration-ms="129" started-at="2014-09-14T20:13:01Z" finished-at="2014-09-14T20:13:01Z">
          <reporter-output>
          </reporter-output>
        </test-method> <!-- thatOrdersCanBeAddedAndQueried -->
        <test-method status="PASS" signature="thatOrdersCanBeAddedAndQueried()[pri:0, instance:com.sprhib.TestService@f5331a]" name="thatOrdersCanBeAddedAndQueried" duration-ms="145" started-at="2014-09-14T20:13:01Z" finished-at="2014-09-14T20:13:01Z">
          <reporter-output>
          </reporter-output>
        </test-method> <!-- thatOrdersCanBeAddedAndQueried -->
        <test-method status="PASS" signature="thatOrdersCanBeAddedAndQueried()[pri:0, instance:com.sprhib.TestService@f5331a]" name="thatOrdersCanBeAddedAndQueried" duration-ms="132" started-at="2014-09-14T20:13:01Z" finished-at="2014-09-14T20:13:01Z">
          <reporter-output>
          </reporter-output>
        </test-method> <!-- thatOrdersCanBeAddedAndQueried -->
        <test-method status="PASS" signature="thatOrdersCanBeAddedAndQueried()[pri:0, instance:com.sprhib.TestService@f5331a]" name="thatOrdersCanBeAddedAndQueried" duration-ms="133" started-at="2014-09-14T20:13:01Z" finished-at="2014-09-14T20:13:01Z">
          <reporter-output>
          </reporter-output>
        </test-method> <!-- thatOrdersCanBeAddedAndQueried -->
        <test-method status="PASS" signature="thatOrdersCanBeAddedAndQueried()[pri:0, instance:com.sprhib.TestService@f5331a]" name="thatOrdersCanBeAddedAndQueried" duration-ms="148" started-at="2014-09-14T20:13:01Z" finished-at="2014-09-14T20:13:01Z">
          <reporter-output>
          </reporter-output>
        </test-method> <!-- thatOrdersCanBeAddedAndQueried -->
        <test-method status="PASS" signature="thatOrdersCanBeAddedAndQueried()[pri:0, instance:com.sprhib.TestService@f5331a]" name="thatOrdersCanBeAddedAndQueried" duration-ms="134" started-at="2014-09-14T20:13:01Z" finished-at="2014-09-14T20:13:01Z">
          <reporter-output>
          </reporter-output>
        </test-method> <!-- thatOrdersCanBeAddedAndQueried -->
        <test-method status="PASS" signature="thatOrdersCanBeAddedAndQueried()[pri:0, instance:com.sprhib.TestService@f5331a]" name="thatOrdersCanBeAddedAndQueried" duration-ms="130" started-at="2014-09-14T20:13:01Z" finished-at="2014-09-14T20:13:01Z">
          <reporter-output>
          </reporter-output>
        </test-method> <!-- thatOrdersCanBeAddedAndQueried -->
        <test-method status="PASS" signature="thatOrdersCanBeAddedAndQueried()[pri:0, instance:com.sprhib.TestService@f5331a]" name="thatOrdersCanBeAddedAndQueried" duration-ms="134" started-at="2014-09-14T20:13:01Z" finished-at="2014-09-14T20:13:01Z">
          <reporter-output>
          </reporter-output>
        </test-method> <!-- thatOrdersCanBeAddedAndQueried -->
        <test-method status="PASS" signature="thatOrdersCanBeAddedAndQueried()[pri:0, instance:com.sprhib.TestService@f5331a]" name="thatOrdersCanBeAddedAndQueried" duration-ms="128" started-at="2014-09-14T20:13:01Z" finished-at="2014-09-14T20:13:01Z">
          <reporter-output>
          </reporter-output>
        </test-method> <!-- thatOrdersCanBeAddedAndQueried -->
        <test-method status="PASS" signature="thatOrdersCanBeAddedAndQueried()[pri:0, instance:com.sprhib.TestService@f5331a]" name="thatOrdersCanBeAddedAndQueried" duration-ms="127" started-at="2014-09-14T20:13:01Z" finished-at="2014-09-14T20:13:01Z">
          <reporter-output>
          </reporter-output>
        </test-method> <!-- thatOrdersCanBeAddedAndQueried -->
        <test-method status="PASS" signature="thatOrdersCanBeAddedAndQueried()[pri:0, instance:com.sprhib.TestService@f5331a]" name="thatOrdersCanBeAddedAndQueried" duration-ms="127" started-at="2014-09-14T20:13:01Z" finished-at="2014-09-14T20:13:01Z">
          <reporter-output>
          </reporter-output>
        </test-method> <!-- thatOrdersCanBeAddedAndQueried -->
        <test-method status="PASS" signature="thatOrdersCanBeAddedAndQueried()[pri:0, instance:com.sprhib.TestService@f5331a]" name="thatOrdersCanBeAddedAndQueried" duration-ms="157" started-at="2014-09-14T20:13:01Z" finished-at="2014-09-14T20:13:02Z">
          <reporter-output>
          </reporter-output>
        </test-method> <!-- thatOrdersCanBeAddedAndQueried -->
        <test-method status="PASS" signature="thatOrdersCanBeAddedAndQueried()[pri:0, instance:com.sprhib.TestService@f5331a]" name="thatOrdersCanBeAddedAndQueried" duration-ms="123" started-at="2014-09-14T20:13:01Z" finished-at="2014-09-14T20:13:02Z">
          <reporter-output>
          </reporter-output>
        </test-method> <!-- thatOrdersCanBeAddedAndQueried -->
        <test-method status="PASS" signature="thatOrdersCanBeAddedAndQueried()[pri:0, instance:com.sprhib.TestService@f5331a]" name="thatOrdersCanBeAddedAndQueried" duration-ms="122" started-at="2014-09-14T20:13:01Z" finished-at="2014-09-14T20:13:02Z">
          <reporter-output>
          </reporter-output>
        </test-method> <!-- thatOrdersCanBeAddedAndQueried -->
        <test-method status="PASS" signature="thatOrdersCanBeAddedAndQueried()[pri:0, instance:com.sprhib.TestService@f5331a]" name="thatOrdersCanBeAddedAndQueried" duration-ms="156" started-at="2014-09-14T20:13:01Z" finished-at="2014-09-14T20:13:02Z">
          <reporter-output>
          </reporter-output>
        </test-method> <!-- thatOrdersCanBeAddedAndQueried -->
        <test-method status="PASS" signature="thatOrdersCanBeAddedAndQueried()[pri:0, instance:com.sprhib.TestService@f5331a]" name="thatOrdersCanBeAddedAndQueried" duration-ms="148" started-at="2014-09-14T20:13:01Z" finished-at="2014-09-14T20:13:02Z">
          <reporter-output>
          </reporter-output>
        </test-method> <!-- thatOrdersCanBeAddedAndQueried -->
        <test-method status="PASS" signature="thatOrdersCanBeAddedAndQueried()[pri:0, instance:com.sprhib.TestService@f5331a]" name="thatOrdersCanBeAddedAndQueried" duration-ms="166" started-at="2014-09-14T20:13:02Z" finished-at="2014-09-14T20:13:02Z">
          <reporter-output>
          </reporter-output>
        </test-method> <!-- thatOrdersCanBeAddedAndQueried -->
        <test-method status="PASS" signature="thatOrdersCanBeAddedAndQueried()[pri:0, instance:com.sprhib.TestService@f5331a]" name="thatOrdersCanBeAddedAndQueried" duration-ms="154" started-at="2014-09-14T20:13:02Z" finished-at="2014-09-14T20:13:02Z">
          <reporter-output>
          </reporter-output>
        </test-method> <!-- thatOrdersCanBeAddedAndQueried -->
        <test-method status="PASS" signature="thatOrdersCanBeAddedAndQueried()[pri:0, instance:com.sprhib.TestService@f5331a]" name="thatOrdersCanBeAddedAndQueried" duration-ms="174" started-at="2014-09-14T20:13:02Z" finished-at="2014-09-14T20:13:02Z">
          <reporter-output>
          </reporter-output>
        </test-method> <!-- thatOrdersCanBeAddedAndQueried -->
        <test-method status="PASS" signature="thatOrdersCanBeAddedAndQueried()[pri:0, instance:com.sprhib.TestService@f5331a]" name="thatOrdersCanBeAddedAndQueried" duration-ms="136" started-at="2014-09-14T20:13:02Z" finished-at="2014-09-14T20:13:02Z">
          <reporter-output>
          </reporter-output>
        </test-method> <!-- thatOrdersCanBeAddedAndQueried -->
      </class> <!-- com.sprhib.TestService -->
    </test> <!-- Command line test -->
  </suite> <!-- com.sprhib.TestService -->
</testng-results>
