<?xml version="1.0" encoding="UTF-8" ?>
<testsuite failures="0" time="4.299" errors="0" skipped="0" tests="30" name="com.sprhib.TestService">
  <properties>
[...]
</properties>
  <testcase time="1.007" classname="com.sprhib.TestService" name="thatOrdersCanBeAddedAndQueried"/>
  <testcase time="1.007" classname="com.sprhib.TestService" name="thatOrdersCanBeAddedAndQueried"/>
  <testcase time="1.01" classname="com.sprhib.TestService" name="thatOrdersCanBeAddedAndQueried"/>
  <testcase time="0.005" classname="com.sprhib.TestService" name="thatOrdersCanBeAddedAndQueried"/>
  <testcase time="0.006" classname="com.sprhib.TestService" name="thatOrdersCanBeAddedAndQueried"/>
  <testcase time="0.096" classname="com.sprhib.TestService" name="thatOrdersCanBeAddedAndQueried"/>
  <testcase time="0.014" classname="com.sprhib.TestService" name="thatOrdersCanBeAddedAndQueried"/>
  <testcase time="0.041" classname="com.sprhib.TestService" name="thatOrdersCanBeAddedAndQueried"/>
  <testcase time="0.015" classname="com.sprhib.TestService" name="thatOrdersCanBeAddedAndQueried"/>
  <testcase time="0" classname="com.sprhib.TestService" name="thatOrdersCanBeAddedAndQueried"/>
  <testcase time="0.057" classname="com.sprhib.TestService" name="thatOrdersCanBeAddedAndQueried"/>
  <testcase time="0.03" classname="com.sprhib.TestService" name="thatOrdersCanBeAddedAndQueried"/>
  <testcase time="0.031" classname="com.sprhib.TestService" name="thatOrdersCanBeAddedAndQueried"/>
  <testcase time="0.004" classname="com.sprhib.TestService" name="thatOrdersCanBeAddedAndQueried"/>
  <testcase time="0.015" classname="com.sprhib.TestService" name="thatOrdersCanBeAddedAndQueried"/>
  <testcase time="0.055" classname="com.sprhib.TestService" name="thatOrdersCanBeAddedAndQueried"/>
  <testcase time="0.023" classname="com.sprhib.TestService" name="thatOrdersCanBeAddedAndQueried"/>
  <testcase time="0.04" classname="com.sprhib.TestService" name="thatOrdersCanBeAddedAndQueried"/>
  <testcase time="0.04" classname="com.sprhib.TestService" name="thatOrdersCanBeAddedAndQueried"/>
  <testcase time="0.012" classname="com.sprhib.TestService" name="thatOrdersCanBeAddedAndQueried"/>
  <testcase time="0.048" classname="com.sprhib.TestService" name="thatOrdersCanBeAddedAndQueried"/>
  <testcase time="0.06" classname="com.sprhib.TestService" name="thatOrdersCanBeAddedAndQueried"/>
  <testcase time="0.06" classname="com.sprhib.TestService" name="thatOrdersCanBeAddedAndQueried"/>
  <testcase time="0.06" classname="com.sprhib.TestService" name="thatOrdersCanBeAddedAndQueried"/>
  <testcase time="0.048" classname="com.sprhib.TestService" name="thatOrdersCanBeAddedAndQueried"/>
  <testcase time="0.04" classname="com.sprhib.TestService" name="thatOrdersCanBeAddedAndQueried"/>
  <testcase time="0.103" classname="com.sprhib.TestService" name="thatOrdersCanBeAddedAndQueried"/>
  <testcase time="0.114" classname="com.sprhib.TestService" name="thatOrdersCanBeAddedAndQueried"/>
  <testcase time="0.123" classname="com.sprhib.TestService" name="thatOrdersCanBeAddedAndQueried"/>
  <testcase time="0.135" classname="com.sprhib.TestService" name="thatOrdersCanBeAddedAndQueried"/>
</testsuite>